<?xml version="1.0" encoding="UTF-8"?>
<!-- Generated by org.testng.reporters.JUnitXMLReporter -->
<testsuite ignored="0" hostname="Shubhams-MacBook-Pro.local" failures="0" tests="1" name="Test" time="1.068" errors="0" timestamp="2024-03-15T15:05:28 IST">
  <testcase classname="log4JExample.BaseTest" name="@BeforeTest launchApp" time="1.052">
    <failure type="java.io.FileNotFoundException" message=".\testData\config.properties (No such file or directory)">
      <![CDATA[java.io.FileNotFoundException: .\testData\config.properties (No such file or directory)
at java.base/java.io.FileInputStream.open0(Native Method)
at java.base/java.io.FileInputStream.open(FileInputStream.java:213)
at java.base/java.io.FileInputStream.<init>(FileInputStream.java:152)
at java.base/java.io.FileInputStream.<init>(FileInputStream.java:106)
at utility.ReadConfig.<init>(ReadConfig.java:15)
at log4JExample.BaseTest.launchApp(BaseTest.java:46)
... Removed 26 stack frames]]>
    </failure>
  </testcase> <!-- @BeforeTest launchApp -->
  <testcase classname="log4JExample.BaseTest" name="@AfterTest CloseApp" time="0.0">
    <skipped/>
  </testcase> <!-- @AfterTest CloseApp -->
  <testcase classname="log4JExample.LoginApp" name="verifyLoginFeature" time="0.0">
    <skipped/>
  </testcase> <!-- verifyLoginFeature -->
</testsuite> <!-- Test -->
