<?xml version="1.0" encoding="UTF-8"?>
<testsuite xmlns:xsi="http://www.w3.org/2001/XMLSchema-instance" xsi:noNamespaceSchemaLocation="https://maven.apache.org/surefire/maven-surefire-plugin/xsd/surefire-test-report-3.0.xsd" version="3.0" name="TestSuite" time="17.776" tests="1" errors="0" skipped="0" failures="1">
  <properties>
[...]
</properties>
  <testcase name="verifyLoginFeature" classname="log4JExample.LoginApp" time="7.854">
    <failure message="element click intercepted: Element &lt;a class=&quot;nav-link&quot; href=&quot;/logout&quot;&gt;...&lt;/a&gt; is not clickable at point (1409, 28). Other element would receive the click: &lt;div id=&quot;ajaxBusy&quot; style=&quot;display: block;&quot;&gt;...&lt;/div&gt;&#10;  (Session info: chrome=122.0.6261.129)&#10;Build info: version: &apos;4.18.1&apos;, revision: &apos;b1d3319b48&apos;&#10;System info: os.name: &apos;Mac OS X&apos;, os.arch: &apos;aarch64&apos;, os.version: &apos;14.2.1&apos;, java.version: &apos;21.0.2&apos;&#10;Driver info: org.openqa.selenium.chrome.ChromeDriver&#10;Command: [d094d768917683e0d0b3d70d19308499, clickElement {id=f.A63B293D41BB1F2CAB9B93DA2A177446.d.45B764D5D29B31A79FDCC145034779F1.e.20}]&#10;Capabilities {acceptInsecureCerts: false, browserName: chrome, browserVersion: 122.0.6261.129, chrome: {chromedriverVersion: 122.0.6261.128 (f18a44fedeb..., userDataDir: /var/folders/76/kw71pxh14nj...}, fedcm:accounts: true, goog:chromeOptions: {debuggerAddress: localhost:63277}, networkConnectionEnabled: false, pageLoadStrategy: normal, platformName: mac, proxy: Proxy(), se:cdp: ws://localhost:63277/devtoo..., se:cdpVersion: 122.0.6261.129, setWindowRect: true, strictFileInteractability: false, timeouts: {implicit: 0, pageLoad: 300000, script: 30000}, unhandledPromptBehavior: dismiss and notify, webauthn:extension:credBlob: true, webauthn:extension:largeBlob: true, webauthn:extension:minPinLength: true, webauthn:extension:prf: true, webauthn:virtualAuthenticators: true}&#10;Element: [[ChromeDriver: chrome on mac (d094d768917683e0d0b3d70d19308499)] -&gt; partial link text: Logo]&#10;Session ID: d094d768917683e0d0b3d70d19308499" type="org.openqa.selenium.ElementClickInterceptedException"><![CDATA[org.openqa.selenium.ElementClickInterceptedException: 
element click intercepted: Element <a class="nav-link" href="/logout">...</a> is not clickable at point (1409, 28). Other element would receive the click: <div id="ajaxBusy" style="display: block;">...</div>
  (Session info: chrome=122.0.6261.129)
Build info: version: '4.18.1', revision: 'b1d3319b48'
System info: os.name: 'Mac OS X', os.arch: 'aarch64', os.version: '14.2.1', java.version: '21.0.2'
Driver info: org.openqa.selenium.chrome.ChromeDriver
Command: [d094d768917683e0d0b3d70d19308499, clickElement {id=f.A63B293D41BB1F2CAB9B93DA2A177446.d.45B764D5D29B31A79FDCC145034779F1.e.20}]
Capabilities {acceptInsecureCerts: false, browserName: chrome, browserVersion: 122.0.6261.129, chrome: {chromedriverVersion: 122.0.6261.128 (f18a44fedeb..., userDataDir: /var/folders/76/kw71pxh14nj...}, fedcm:accounts: true, goog:chromeOptions: {debuggerAddress: localhost:63277}, networkConnectionEnabled: false, pageLoadStrategy: normal, platformName: mac, proxy: Proxy(), se:cdp: ws://localhost:63277/devtoo..., se:cdpVersion: 122.0.6261.129, setWindowRect: true, strictFileInteractability: false, timeouts: {implicit: 0, pageLoad: 300000, script: 30000}, unhandledPromptBehavior: dismiss and notify, webauthn:extension:credBlob: true, webauthn:extension:largeBlob: true, webauthn:extension:minPinLength: true, webauthn:extension:prf: true, webauthn:virtualAuthenticators: true}
Element: [[ChromeDriver: chrome on mac (d094d768917683e0d0b3d70d19308499)] -> partial link text: Logo]
Session ID: d094d768917683e0d0b3d70d19308499
	at log4JExample.LoginApp.verifyLoginFeature(LoginApp.java:42)
]]></failure>
    <system-out><![CDATA[ INFO [main] (BaseTest.java:32)- ===============info=======================
 WARN [main] (BaseTest.java:33)- ===============warn=======================
ERROR [main] (BaseTest.java:34)- ===============error=======================
 INFO [main] (BaseTest.java:37)- launching a chrome browser
=============inside ReadConfig constructor=================
 INFO [main] (BaseTest.java:49)- Read application url from config  file: https://admin-demo.nopcommerce.com/login?ReturnUrl=%2Fadmin%2F
 INFO [main] (BaseTest.java:53)- application launched sucessfully.
 INFO [main] (LoginApp.java:13)- clear the email details
 INFO [main] (LoginApp.java:17)- enter email details from config file: admin@yourstore.com
 INFO [main] (LoginApp.java:21)- clear the pass details
 INFO [main] (LoginApp.java:25)- enter pass details from config file: admin
 INFO [main] (LoginApp.java:29)- click on checkbox
 INFO [main] (LoginApp.java:34)- click on loginButton
 INFO [main] (LoginApp.java:37)- ===============Validation Step after login=============
 INFO [main] (LoginApp.java:38)- Dashboard / nopCommerce administration
 INFO [main] (LoginApp.java:41)- click on Logout Button
]]></system-out>
    <system-err><![CDATA[SLF4J: Failed to load class "org.slf4j.impl.StaticLoggerBinder".
SLF4J: Defaulting to no-operation (NOP) logger implementation
SLF4J: See http://www.slf4j.org/codes.html#StaticLoggerBinder for further details.
]]></system-err>
  </testcase>
</testsuite>